InnoDB: using atomic writes.
2021-01-26 13:32:58 0 [Note] InnoDB: The first innodb_system data file 'ibdata1' did not exist. A new tablespace will be created!
2021-01-26 13:32:58 0 [Note] InnoDB: Uses event mutexes
2021-01-26 13:32:58 0 [Note] InnoDB: Compressed tables use zlib 1.2.11
2021-01-26 13:32:58 0 [Note] InnoDB: Number of pools: 1
2021-01-26 13:32:58 0 [Note] InnoDB: Using crc32 + pclmulqdq instructions
2021-01-26 13:32:58 0 [Note] InnoDB: Initializing buffer pool, total size = 134217728, chunk size = 134217728
2021-01-26 13:32:58 0 [Note] InnoDB: Completed initialization of buffer pool
2021-01-26 13:32:58 0 [Note] InnoDB: Setting file '.\ibdata1' size to 12 MB. Physically writing the file full; Please wait ...
2021-01-26 13:32:58 0 [Note] InnoDB: File '.\ibdata1' size is now 12 MB.
2021-01-26 13:32:58 0 [Note] InnoDB: Setting log file .\ib_logfile101 size to 100663296 bytes
2021-01-26 13:32:58 0 [Note] InnoDB: Renaming log file .\ib_logfile101 to .\ib_logfile0
2021-01-26 13:32:58 0 [Note] InnoDB: New log file created, LSN=10341
2021-01-26 13:32:58 0 [Note] InnoDB: Doublewrite buffer not found: creating new
2021-01-26 13:32:58 0 [Note] InnoDB: Doublewrite buffer created
2021-01-26 13:32:58 0 [Note] InnoDB: 128 rollback segments are active.
2021-01-26 13:32:58 0 [Note] InnoDB: Creating foreign key constraint system tables.
2021-01-26 13:32:58 0 [Note] InnoDB: Creating tablespace and datafile system tables.
2021-01-26 13:32:58 0 [Note] InnoDB: Creating sys_virtual system tables.
2021-01-26 13:32:58 0 [Note] InnoDB: Creating shared tablespace for temporary tables
2021-01-26 13:32:58 0 [Note] InnoDB: Setting file '.\ibtmp1' size to 12 MB. Physically writing the file full; Please wait ...
2021-01-26 13:32:58 0 [Note] InnoDB: File '.\ibtmp1' size is now 12 MB.
2021-01-26 13:32:58 0 [Note] InnoDB: 10.5.8 started; log sequence number 0; transaction id 7
2021-01-26 13:32:58 0 [Note] Plugin 'FEEDBACK' is disabled.
InnoDB: using atomic writes.
2021-02-01 10:05:08 0 [Note] InnoDB: The first innodb_system data file 'ibdata1' did not exist. A new tablespace will be created!
2021-02-01 10:05:08 0 [Note] InnoDB: Uses event mutexes
2021-02-01 10:05:08 0 [Note] InnoDB: Compressed tables use zlib 1.2.11
2021-02-01 10:05:08 0 [Note] InnoDB: Number of pools: 1
2021-02-01 10:05:08 0 [Note] InnoDB: Using crc32 + pclmulqdq instructions
2021-02-01 10:05:08 0 [Note] InnoDB: Initializing buffer pool, total size = 50331648, chunk size = 50331648
2021-02-01 10:05:08 0 [Note] InnoDB: Completed initialization of buffer pool
2021-02-01 10:05:08 0 [Note] InnoDB: Setting file '.\ibdata1' size to 12 MB. Physically writing the file full; Please wait ...
2021-02-01 10:05:08 0 [Note] InnoDB: File '.\ibdata1' size is now 12 MB.
2021-02-01 10:05:08 0 [Note] InnoDB: Setting log file .\ib_logfile101 size to 8388608 bytes
2021-02-01 10:05:08 0 [Note] InnoDB: Renaming log file .\ib_logfile101 to .\ib_logfile0
2021-02-01 10:05:08 0 [Note] InnoDB: New log file created, LSN=10329
2021-02-01 10:05:08 0 [Note] InnoDB: Doublewrite buffer not found: creating new
2021-02-01 10:05:08 0 [Note] InnoDB: Doublewrite buffer created
2021-02-01 10:05:08 0 [Note] InnoDB: 128 rollback segments are active.
2021-02-01 10:05:08 0 [Note] InnoDB: Creating foreign key constraint system tables.
2021-02-01 10:05:08 0 [Note] InnoDB: Creating tablespace and datafile system tables.
2021-02-01 10:05:08 0 [Note] InnoDB: Creating sys_virtual system tables.
2021-02-01 10:05:08 0 [Note] InnoDB: Creating shared tablespace for temporary tables
2021-02-01 10:05:08 0 [Note] InnoDB: Setting file '.\ibtmp1' size to 12 MB. Physically writing the file full; Please wait ...
2021-02-01 10:05:08 0 [Note] InnoDB: File '.\ibtmp1' size is now 12 MB.
2021-02-01 10:05:08 0 [Note] InnoDB: 10.5.8 started; log sequence number 0; transaction id 7
2021-02-01 10:05:08 0 [Note] Plugin 'FEEDBACK' is disabled.
2021-02-01 10:05:08 0 [Note] Server socket created on IP: '::'.
2021-02-01 10:05:09 1 [Warning] Failed to load slave replication state from table mysql.gtid_slave_pos: 1932: Table 'mysql.gtid_slave_pos' doesn't exist in engine
2021-02-01 10:05:09 0 [Note] Reading of all Master_info entries succeeded
2021-02-01 10:05:09 0 [Note] Added new Master_info '' to hash table
2021-02-01 10:05:09 0 [Note] mysqld.exe: ready for connections.
Version: '10.5.8-MariaDB'  socket: ''  port: 13306  mariadb.org binary distribution
InnoDB: using atomic writes.
2021-02-01 10:13:22 0 [ERROR] InnoDB: The innodb_system data file 'ibdata1' must be writable
2021-02-01 10:13:22 0 [ERROR] InnoDB: The innodb_system data file 'ibdata1' must be writable
2021-02-01 10:13:22 0 [ERROR] Plugin 'InnoDB' init function returned error.
2021-02-01 10:13:22 0 [ERROR] Plugin 'InnoDB' registration as a STORAGE ENGINE failed.
2021-02-01 10:13:22 0 [Note] Plugin 'FEEDBACK' is disabled.
2021-02-01 10:13:22 0 [ERROR] Unknown/unsupported storage engine: InnoDB
2021-02-01 10:13:22 0 [ERROR] Aborting
2021-02-01 12:58:24 3 [ERROR] InnoDB: Table `mysql`.`innodb_table_stats` not found.
2021-02-01 18:05:58 4 [Warning] Aborted connection 4 to db: 'test' user: 'root' host: 'localhost' (Got an error reading communication packets)
2021-02-01 18:10:10 5 [Warning] Aborted connection 5 to db: 'test' user: 'root' host: 'localhost' (Got an error reading communication packets)
2021-02-01 18:11:27 6 [Warning] Aborted connection 6 to db: 'test' user: 'root' host: 'localhost' (Got an error reading communication packets)
2021-02-01 18:12:13 7 [Warning] Aborted connection 7 to db: 'test' user: 'root' host: 'localhost' (Got an error reading communication packets)
2021-02-01 18:12:40 8 [Warning] Aborted connection 8 to db: 'test' user: 'root' host: 'localhost' (Got an error reading communication packets)
2021-02-01 18:13:49 9 [Warning] Aborted connection 9 to db: 'test' user: 'root' host: 'localhost' (Got an error reading communication packets)
2021-02-01 18:14:30 10 [Warning] Aborted connection 10 to db: 'test' user: 'root' host: 'localhost' (Got an error reading communication packets)
2021-02-01 18:16:13 11 [Warning] Aborted connection 11 to db: 'test' user: 'root' host: 'localhost' (Got an error reading communication packets)
2021-02-01 18:18:26 12 [Warning] Aborted connection 12 to db: 'test' user: 'root' host: 'localhost' (Got an error reading communication packets)
2021-02-01 18:19:02 13 [Warning] Aborted connection 13 to db: 'test' user: 'root' host: 'localhost' (Got an error reading communication packets)
2021-02-01 18:20:05 14 [Warning] Aborted connection 14 to db: 'test' user: 'root' host: 'localhost' (Got an error reading communication packets)
2021-02-01 18:29:08 15 [Warning] Aborted connection 15 to db: 'test' user: 'root' host: 'localhost' (Got an error reading communication packets)
InnoDB: using atomic writes.
2021-02-02 12:20:15 0 [Note] InnoDB: Uses event mutexes
2021-02-02 12:20:15 0 [Note] InnoDB: Compressed tables use zlib 1.2.11
2021-02-02 12:20:15 0 [Note] InnoDB: Number of pools: 1
2021-02-02 12:20:15 0 [Note] InnoDB: Using crc32 + pclmulqdq instructions
2021-02-02 12:20:15 0 [Note] InnoDB: Initializing buffer pool, total size = 50331648, chunk size = 50331648
2021-02-02 12:20:15 0 [Note] InnoDB: Completed initialization of buffer pool
2021-02-02 12:20:15 0 [Note] InnoDB: Starting crash recovery from checkpoint LSN=13599,13599
2021-02-02 12:20:15 0 [Note] InnoDB: Starting final batch to recover 18 pages from redo log.
2021-02-02 12:20:15 0 [Note] InnoDB: 128 rollback segments are active.
2021-02-02 12:20:15 0 [Note] InnoDB: Removed temporary tablespace data file: "ibtmp1"
2021-02-02 12:20:15 0 [Note] InnoDB: Creating shared tablespace for temporary tables
2021-02-02 12:20:15 0 [Note] InnoDB: Setting file '.\ibtmp1' size to 12 MB. Physically writing the file full; Please wait ...
2021-02-02 12:20:15 0 [Note] InnoDB: File '.\ibtmp1' size is now 12 MB.
2021-02-02 12:20:15 0 [Note] InnoDB: 10.5.8 started; log sequence number 40469; transaction id 34
2021-02-02 12:20:15 0 [Note] InnoDB: Loading buffer pool(s) from c:\Development\pcbangstudio-master\workspace\my-echo\mariadata\ib_buffer_pool
2021-02-02 12:20:15 0 [Note] Plugin 'FEEDBACK' is disabled.
2021-02-02 12:20:15 0 [Note] InnoDB: Cannot open 'c:\Development\pcbangstudio-master\workspace\my-echo\mariadata\ib_buffer_pool' for reading: No such file or directory
2021-02-02 12:20:16 0 [Note] Server socket created on IP: '::'.
2021-02-02 12:20:16 1 [Warning] Failed to load slave replication state from table mysql.gtid_slave_pos: 1932: Table 'mysql.gtid_slave_pos' doesn't exist in engine
2021-02-02 12:20:16 0 [Note] Reading of all Master_info entries succeeded
2021-02-02 12:20:16 0 [Note] Added new Master_info '' to hash table
2021-02-02 12:20:16 0 [Note] mysqld.exe: ready for connections.
Version: '10.5.8-MariaDB'  socket: ''  port: 13306  mariadb.org binary distribution
2021-02-02 12:20:24 3 [ERROR] InnoDB: Table `mysql`.`innodb_table_stats` not found.
2021-02-02 13:59:00 3 [Warning] Aborted connection 3 to db: 'test' user: 'root' host: 'localhost' (Got an error reading communication packets)
2021-02-02 14:44:35 5 [Warning] Aborted connection 5 to db: 'test' user: 'root' host: 'localhost' (Got an error reading communication packets)
2021-02-02 14:53:30 6 [Warning] Aborted connection 6 to db: 'test' user: 'root' host: 'localhost' (Got an error reading communication packets)
2021-02-02 14:58:57 7 [Warning] Aborted connection 7 to db: 'test' user: 'root' host: 'localhost' (Got an error reading communication packets)
2021-02-02 15:40:29 8 [Warning] Aborted connection 8 to db: 'test' user: 'root' host: 'localhost' (Got an error reading communication packets)
2021-02-02 15:42:06 9 [Warning] Aborted connection 9 to db: 'test' user: 'root' host: 'localhost' (Got an error reading communication packets)
2021-02-02 16:04:59 10 [Warning] Aborted connection 10 to db: 'test' user: 'root' host: 'localhost' (Got an error reading communication packets)
2021-02-02 16:10:59 11 [Warning] Aborted connection 11 to db: 'test' user: 'root' host: 'localhost' (Got an error reading communication packets)
2021-02-02 16:11:26 12 [Warning] Aborted connection 12 to db: 'test' user: 'root' host: 'localhost' (Got an error reading communication packets)
2021-02-02 16:12:23 13 [Warning] Aborted connection 13 to db: 'test' user: 'root' host: 'localhost' (Got an error reading communication packets)
2021-02-02 16:47:29 14 [Warning] Aborted connection 14 to db: 'test' user: 'root' host: 'localhost' (Got an error reading communication packets)
2021-02-02 16:55:36 15 [Warning] Aborted connection 15 to db: 'test' user: 'root' host: 'localhost' (Got an error reading communication packets)
2021-02-02 16:56:28 16 [Warning] Aborted connection 16 to db: 'test' user: 'root' host: 'localhost' (Got an error reading communication packets)
2021-02-02 16:57:03 17 [Warning] Aborted connection 17 to db: 'test' user: 'root' host: 'localhost' (Got an error reading communication packets)
InnoDB: using atomic writes.
2021-02-03 11:16:12 0 [Note] InnoDB: Uses event mutexes
2021-02-03 11:16:12 0 [Note] InnoDB: Compressed tables use zlib 1.2.11
2021-02-03 11:16:12 0 [Note] InnoDB: Number of pools: 1
2021-02-03 11:16:12 0 [Note] InnoDB: Using crc32 + pclmulqdq instructions
2021-02-03 11:16:12 0 [Note] InnoDB: Initializing buffer pool, total size = 50331648, chunk size = 50331648
2021-02-03 11:16:12 0 [Note] InnoDB: Completed initialization of buffer pool
2021-02-03 11:16:12 0 [Note] InnoDB: Starting crash recovery from checkpoint LSN=13599,13599
2021-02-03 11:16:12 0 [Note] InnoDB: Ignoring data file '.\test\person.ibd' with space ID 3, since the redo log references .\test\person.ibd with space ID 1.
2021-02-03 11:16:12 0 [Note] InnoDB: Ignoring data file '.\test\#sql-alter-3ac8-4.ibd' with space ID 3. Another data file called .\test\person.ibd exists with the same space ID.
2021-02-03 11:16:12 0 [Note] InnoDB: Starting final batch to recover 18 pages from redo log.
2021-02-03 11:16:12 0 [Note] InnoDB: 128 rollback segments are active.
2021-02-03 11:16:12 0 [Note] InnoDB: Removed temporary tablespace data file: "ibtmp1"
2021-02-03 11:16:12 0 [Note] InnoDB: Creating shared tablespace for temporary tables
2021-02-03 11:16:12 0 [Note] InnoDB: Setting file '.\ibtmp1' size to 12 MB. Physically writing the file full; Please wait ...
2021-02-03 11:16:12 0 [Note] InnoDB: File '.\ibtmp1' size is now 12 MB.
2021-02-03 11:16:12 0 [Note] InnoDB: 10.5.8 started; log sequence number 47152; transaction id 74
2021-02-03 11:16:12 0 [Note] Plugin 'FEEDBACK' is disabled.
2021-02-03 11:16:12 0 [Note] InnoDB: Loading buffer pool(s) from c:\Development\pcbangstudio-master\workspace\my-echo\mariadata\ib_buffer_pool
2021-02-03 11:16:12 0 [Note] InnoDB: Cannot open 'c:\Development\pcbangstudio-master\workspace\my-echo\mariadata\ib_buffer_pool' for reading: No such file or directory
2021-02-03 11:16:12 0 [Note] Server socket created on IP: '::'.
2021-02-03 11:16:13 1 [Warning] Failed to load slave replication state from table mysql.gtid_slave_pos: 1932: Table 'mysql.gtid_slave_pos' doesn't exist in engine
2021-02-03 11:16:13 0 [Note] Reading of all Master_info entries succeeded
2021-02-03 11:16:13 0 [Note] Added new Master_info '' to hash table
2021-02-03 11:16:13 0 [Note] mysqld.exe: ready for connections.
Version: '10.5.8-MariaDB'  socket: ''  port: 13306  mariadb.org binary distribution
2021-02-03 11:16:17 3 [ERROR] InnoDB: Table `mysql`.`innodb_table_stats` not found.
InnoDB: using atomic writes.
2021-02-04 10:01:20 0 [Note] InnoDB: Uses event mutexes
2021-02-04 10:01:20 0 [Note] InnoDB: Compressed tables use zlib 1.2.11
2021-02-04 10:01:20 0 [Note] InnoDB: Number of pools: 1
2021-02-04 10:01:20 0 [Note] InnoDB: Using crc32 + pclmulqdq instructions
2021-02-04 10:01:20 0 [Note] InnoDB: Initializing buffer pool, total size = 50331648, chunk size = 50331648
2021-02-04 10:01:20 0 [Note] InnoDB: Completed initialization of buffer pool
2021-02-04 10:01:20 0 [Note] InnoDB: Starting crash recovery from checkpoint LSN=13599,13599
2021-02-04 10:01:20 0 [Note] InnoDB: Ignoring data file '.\test\person.ibd' with space ID 3, since the redo log references .\test\person.ibd with space ID 1.
2021-02-04 10:01:21 0 [Note] InnoDB: Ignoring data file '.\test\#sql-alter-3ac8-4.ibd' with space ID 3. Another data file called .\test\person.ibd exists with the same space ID.
2021-02-04 10:01:21 0 [Note] InnoDB: Starting final batch to recover 18 pages from redo log.
2021-02-04 10:01:21 0 [Note] InnoDB: 128 rollback segments are active.
2021-02-04 10:01:21 0 [Note] InnoDB: Removed temporary tablespace data file: "ibtmp1"
2021-02-04 10:01:21 0 [Note] InnoDB: Creating shared tablespace for temporary tables
2021-02-04 10:01:21 0 [Note] InnoDB: Setting file '.\ibtmp1' size to 12 MB. Physically writing the file full; Please wait ...
2021-02-04 10:01:21 0 [Note] InnoDB: File '.\ibtmp1' size is now 12 MB.
2021-02-04 10:01:21 0 [Note] InnoDB: 10.5.8 started; log sequence number 49937; transaction id 114
2021-02-04 10:01:21 0 [Note] InnoDB: Loading buffer pool(s) from c:\Development\pcbangstudio-master\workspace\my-echo\mariadata\ib_buffer_pool
2021-02-04 10:01:21 0 [Note] Plugin 'FEEDBACK' is disabled.
2021-02-04 10:01:21 0 [Note] InnoDB: Cannot open 'c:\Development\pcbangstudio-master\workspace\my-echo\mariadata\ib_buffer_pool' for reading: No such file or directory
2021-02-04 10:01:21 0 [Note] Server socket created on IP: '::'.
2021-02-04 10:01:22 1 [Warning] Failed to load slave replication state from table mysql.gtid_slave_pos: 1932: Table 'mysql.gtid_slave_pos' doesn't exist in engine
2021-02-04 10:01:22 0 [Note] Reading of all Master_info entries succeeded
2021-02-04 10:01:22 0 [Note] Added new Master_info '' to hash table
2021-02-04 10:01:22 0 [Note] mysqld.exe: ready for connections.
Version: '10.5.8-MariaDB'  socket: ''  port: 13306  mariadb.org binary distribution
2021-02-04 10:01:26 3 [ERROR] InnoDB: Table `mysql`.`innodb_table_stats` not found.
